0 info it worked if it ends with ok
1 verbose cli [ '/home/mix/.nvm/versions/node/v6.8.0/bin/node',
1 verbose cli   '/home/mix/.nvm/versions/node/v6.8.0/bin/npm',
1 verbose cli   'run',
1 verbose cli   'publish' ]
2 info using npm@3.10.8
3 info using node@v6.8.0
4 verbose run-script [ 'prepublish', 'publish', 'postpublish' ]
5 info lifecycle protozoa-site@1.0.0~prepublish: protozoa-site@1.0.0
6 silly lifecycle protozoa-site@1.0.0~prepublish: no script for prepublish, continuing
7 info lifecycle protozoa-site@1.0.0~publish: protozoa-site@1.0.0
8 verbose lifecycle protozoa-site@1.0.0~publish: unsafe-perm in lifecycle true
9 verbose lifecycle protozoa-site@1.0.0~publish: PATH: /home/mix/.nvm/versions/node/v6.8.0/lib/node_modules/npm/bin/node-gyp-bin:/home/mix/projects/protozoa/protozoa-site/node_modules/.bin:/home/mix/.nvm/versions/node/v6.8.0/bin:/usr/local/heroku/bin:/usr/local/sbin:/usr/local/bin:/usr/sbin:/usr/bin:/sbin:/bin:/usr/games:/usr/local/games:/home/mix/bin
10 verbose lifecycle protozoa-site@1.0.0~publish: CWD: /home/mix/projects/protozoa/protozoa-site
11 silly lifecycle protozoa-site@1.0.0~publish: Args: [ '-c', 'npm run prep && npm run deploy' ]
12 silly lifecycle protozoa-site@1.0.0~publish: Returned: code: 1  signal: null
13 info lifecycle protozoa-site@1.0.0~publish: Failed to exec publish script
14 verbose stack Error: protozoa-site@1.0.0 publish: `npm run prep && npm run deploy`
14 verbose stack Exit status 1
14 verbose stack     at EventEmitter.<anonymous> (/home/mix/.nvm/versions/node/v6.8.0/lib/node_modules/npm/lib/utils/lifecycle.js:255:16)
14 verbose stack     at emitTwo (events.js:106:13)
14 verbose stack     at EventEmitter.emit (events.js:191:7)
14 verbose stack     at ChildProcess.<anonymous> (/home/mix/.nvm/versions/node/v6.8.0/lib/node_modules/npm/lib/utils/spawn.js:40:14)
14 verbose stack     at emitTwo (events.js:106:13)
14 verbose stack     at ChildProcess.emit (events.js:191:7)
14 verbose stack     at maybeClose (internal/child_process.js:877:16)
14 verbose stack     at Process.ChildProcess._handle.onexit (internal/child_process.js:226:5)
15 verbose pkgid protozoa-site@1.0.0
16 verbose cwd /home/mix/projects/protozoa/protozoa-site
17 error Linux 4.4.0-64-generic
18 error argv "/home/mix/.nvm/versions/node/v6.8.0/bin/node" "/home/mix/.nvm/versions/node/v6.8.0/bin/npm" "run" "publish"
19 error node v6.8.0
20 error npm  v3.10.8
21 error code ELIFECYCLE
22 error protozoa-site@1.0.0 publish: `npm run prep && npm run deploy`
22 error Exit status 1
23 error Failed at the protozoa-site@1.0.0 publish script 'npm run prep && npm run deploy'.
23 error Make sure you have the latest version of node.js and npm installed.
23 error If you do, this is most likely a problem with the protozoa-site package,
23 error not with npm itself.
23 error Tell the author that this fails on your system:
23 error     npm run prep && npm run deploy
23 error You can get information on how to open an issue for this project with:
23 error     npm bugs protozoa-site
23 error Or if that isn't available, you can get their info via:
23 error     npm owner ls protozoa-site
23 error There is likely additional logging output above.
24 verbose exit [ 1, true ]
